Ansys Lumerical 2020 R2 Eigenmode Expansion Solver Version 7.16.2387 (Windows 64bit)
 expires (month/day/year): 12/31/2035
using config file: Ansys Licensing set with ANSYSLMD_LICENSE_FILE
license host: 
current time: Wed Jun  8 22:47:05 2022
Running on host: LAPTOP-GOLQ4KIE
Running lms file: C:\Program Files\Lumerical\v202\bin\eme-engine-msmpi.exe -t 2 -remote C:/Users/andre/Documents/GitHub/Photonics/MMI.lms
Running MODE Simulation
Starting meshing
Simulation size in gridpoints: 1 x 199 x 78
Refined 0 mesh cells (0%)
Completed meshing!
Meshing complete in 0 seconds of CPU time
Starting meshing
Simulation size in gridpoints: 1 x 199 x 78
Refined 0 mesh cells (0%)
Completed meshing!
Meshing complete in 0 seconds of CPU time
Starting meshing
Simulation size in gridpoints: 1 x 199 x 78
Refined 0 mesh cells (0%)
Completed meshing!
Meshing complete in 0 seconds of CPU time
Starting meshing
Simulation size in gridpoints: 1 x 199 x 78
Refined 0 mesh cells (0%)
Completed meshing!
Meshing complete in 0 seconds of CPU time
Starting meshing
Simulation size in gridpoints: 1 x 199 x 78
Refined 0 mesh cells (0%)
Completed meshing!
Meshing complete in 0.03125 seconds of CPU time
Starting meshing
Simulation size in gridpoints: 1 x 199 x 78
Refined 0 mesh cells (0%)
Completed meshing!
Meshing complete in 0 seconds of CPU time
Starting meshing
Simulation size in gridpoints: 1 x 199 x 78
Refined 0 mesh cells (0%)
Completed meshing!
Meshing complete in 0 seconds of CPU time
Starting meshing
Simulation size in gridpoints: 1 x 199 x 78
Refined 0 mesh cells (0%)
Completed meshing!
Meshing complete in 0 seconds of CPU time
Starting meshing
Simulation size in gridpoints: 1 x 199 x 78
Refined 0 mesh cells (0%)
Completed meshing!
Meshing complete in 0 seconds of CPU time
Starting meshing
Simulation size in gridpoints: 1 x 199 x 78
Refined 0 mesh cells (0%)
Completed meshing!
Meshing complete in 0.046875 seconds of CPU time
Starting meshing
Simulation size in gridpoints: 1 x 199 x 78
Refined 0 mesh cells (0%)
Completed meshing!
Meshing complete in 0.046875 seconds of CPU time
Starting meshing
Simulation size in gridpoints: 1 x 199 x 78
Refined 0 mesh cells (0%)
Completed meshing!
Meshing complete in 0 seconds of CPU time
Starting meshing
Simulation size in gridpoints: 1 x 199 x 78
Refined 0 mesh cells (0%)
Completed meshing!
Meshing complete in 0.046875 seconds of CPU time
Starting meshing
Simulation size in gridpoints: 1 x 199 x 78
Refined 0 mesh cells (0%)
Completed meshing!
Meshing complete in 0 seconds of CPU time
Starting meshing
Simulation size in gridpoints: 1 x 199 x 78
Refined 0 mesh cells (0%)
Completed meshing!
Meshing complete in 0.015625 seconds of CPU time
Starting meshing
Simulation size in gridpoints: 1 x 199 x 78
Refined 0 mesh cells (0%)
Completed meshing!
Meshing complete in 0.03125 seconds of CPU time
Starting meshing
Simulation size in gridpoints: 1 x 199 x 78
Refined 0 mesh cells (0%)
Completed meshing!
Meshing complete in 0.03125 seconds of CPU time
Starting meshing
Simulation size in gridpoints: 1 x 199 x 78
Refined 0 mesh cells (0%)
Completed meshing!
Meshing complete in 0.046875 seconds of CPU time
Starting meshing
Simulation size in gridpoints: 1 x 199 x 78
Refined 0 mesh cells (0%)
Completed meshing!
Meshing complete in 0.0625 seconds of CPU time
Starting meshing
Simulation size in gridpoints: 1 x 199 x 78
Refined 0 mesh cells (0%)
Completed meshing!
Meshing complete in 0 seconds of CPU time
Starting meshing
Simulation size in gridpoints: 1 x 199 x 78
Refined 0 mesh cells (0%)
Completed meshing!
Meshing complete in 0.078125 seconds of CPU time
Starting meshing
Simulation size in gridpoints: 1 x 199 x 78
Refined 0 mesh cells (0%)
Completed meshing!
Meshing complete in 0.046875 seconds of CPU time
Starting meshing
Simulation size in gridpoints: 1 x 199 x 78
Refined 0 mesh cells (0%)
Completed meshing!
Meshing complete in 0.046875 seconds of CPU time
Starting meshing
Simulation size in gridpoints: 1 x 199 x 78
Refined 0 mesh cells (0%)
Completed meshing!
Meshing complete in 0 seconds of CPU time
Starting meshing
Simulation size in gridpoints: 1 x 199 x 78
Refined 0 mesh cells (0%)
Completed meshing!
Meshing complete in 0.046875 seconds of CPU time
Starting meshing
Simulation size in gridpoints: 1 x 199 x 78
Refined 0 mesh cells (0%)
Completed meshing!
Meshing complete in 0.046875 seconds of CPU time
Starting meshing
Simulation size in gridpoints: 1 x 199 x 78
Refined 0 mesh cells (0%)
Completed meshing!
Meshing complete in 0.046875 seconds of CPU time
Starting meshing
Simulation size in gridpoints: 1 x 199 x 78
Refined 0 mesh cells (0%)
Completed meshing!
Meshing complete in 0.046875 seconds of CPU time
Starting meshing
Simulation size in gridpoints: 1 x 199 x 78
Refined 0 mesh cells (0%)
Completed meshing!
Meshing complete in 0.03125 seconds of CPU time
Starting meshing
Simulation size in gridpoints: 1 x 199 x 78
Refined 0 mesh cells (0%)
Completed meshing!
Meshing complete in 0.03125 seconds of CPU time
Starting meshing
Simulation size in gridpoints: 1 x 199 x 78
Refined 0 mesh cells (0%)
Completed meshing!
Meshing complete in 0.046875 seconds of CPU time
Starting meshing
Simulation size in gridpoints: 1 x 199 x 78
Refined 0 mesh cells (0%)
Completed meshing!
Meshing complete in 0 seconds of CPU time
Starting meshing
Simulation size in gridpoints: 1 x 199 x 78
Refined 0 mesh cells (0%)
Completed meshing!
Meshing complete in 0.046875 seconds of CPU time
Starting meshing
Simulation size in gridpoints: 1 x 199 x 78
Refined 0 mesh cells (0%)
Completed meshing!
Meshing complete in 0.0625 seconds of CPU time
Starting meshing
Simulation size in gridpoints: 1 x 199 x 78
Refined 0 mesh cells (0%)
Completed meshing!
Meshing complete in 0.046875 seconds of CPU time
Starting meshing
Simulation size in gridpoints: 1 x 199 x 78
Refined 0 mesh cells (0%)
Completed meshing!
Meshing complete in 0.0625 seconds of CPU time
Starting meshing
Simulation size in gridpoints: 1 x 199 x 78
Refined 0 mesh cells (0%)
Completed meshing!
Meshing complete in 0.15625 seconds of CPU time
Starting meshing
Simulation size in gridpoints: 1 x 199 x 78
Refined 0 mesh cells (0%)
Completed meshing!
Meshing complete in 0.09375 seconds of CPU time
Starting meshing
Simulation size in gridpoints: 1 x 199 x 78
Refined 0 mesh cells (0%)
Completed meshing!
Meshing complete in 0.140625 seconds of CPU time
Starting meshing
Simulation size in gridpoints: 1 x 199 x 78
Refined 0 mesh cells (0%)
Completed meshing!
Meshing complete in 0.140625 seconds of CPU time
Starting meshing
Simulation size in gridpoints: 1 x 199 x 78
Refined 0 mesh cells (0%)
Completed meshing!
Meshing complete in 0.125 seconds of CPU time
Starting meshing
Simulation size in gridpoints: 1 x 199 x 78
Refined 0 mesh cells (0%)
Completed meshing!
Meshing complete in 0.171875 seconds of CPU time
Starting meshing
Simulation size in gridpoints: 1 x 199 x 78
Refined 0 mesh cells (0%)
Completed meshing!
Meshing complete in 0.125 seconds of CPU time
Starting meshing
Simulation size in gridpoints: 1 x 199 x 78
Refined 0 mesh cells (0%)
Completed meshing!
Meshing complete in 0.109375 seconds of CPU time
Starting meshing
Simulation size in gridpoints: 1 x 199 x 78
Refined 0 mesh cells (0%)
Completed meshing!
Meshing complete in 0.125 seconds of CPU time
Starting meshing
Simulation size in gridpoints: 1 x 199 x 78
Refined 0 mesh cells (0%)
Completed meshing!
Meshing complete in 0.125 seconds of CPU time
Starting meshing
Simulation size in gridpoints: 1 x 199 x 78
Refined 0 mesh cells (0%)
Completed meshing!
Meshing complete in 0.109375 seconds of CPU time
Starting meshing
Simulation size in gridpoints: 1 x 199 x 78
Refined 0 mesh cells (0%)
Completed meshing!
Meshing complete in 0.09375 seconds of CPU time
Starting meshing
Simulation size in gridpoints: 1 x 199 x 78
Refined 0 mesh cells (0%)
Completed meshing!
Meshing complete in 0.125 seconds of CPU time
Starting meshing
Simulation size in gridpoints: 1 x 199 x 78
Refined 0 mesh cells (0%)
Completed meshing!
Meshing complete in 0.140625 seconds of CPU time
Starting meshing
Simulation size in gridpoints: 1 x 199 x 78
Refined 0 mesh cells (0%)
Completed meshing!
Meshing complete in 0.140625 seconds of CPU time
Starting meshing
Simulation size in gridpoints: 1 x 199 x 78
Refined 0 mesh cells (0%)
Completed meshing!
Meshing complete in 0.125 seconds of CPU time
Starting meshing
Simulation size in gridpoints: 1 x 199 x 78
Refined 0 mesh cells (0%)
Completed meshing!
Meshing complete in 0.109375 seconds of CPU time
Starting meshing
Simulation size in gridpoints: 1 x 199 x 78
Refined 0 mesh cells (0%)
Completed meshing!
Meshing complete in 0.109375 seconds of CPU time
Starting meshing
Simulation size in gridpoints: 1 x 199 x 78
Refined 0 mesh cells (0%)
Completed meshing!
Meshing complete in 0.03125 seconds of CPU time
Starting meshing
Simulation size in gridpoints: 1 x 199 x 78
Refined 0 mesh cells (0%)
Completed meshing!
Meshing complete in 0 seconds of CPU time
Starting meshing
Simulation size in gridpoints: 1 x 199 x 78
Refined 0 mesh cells (0%)
Completed meshing!
Meshing complete in 0.046875 seconds of CPU time
Starting meshing
Simulation size in gridpoints: 1 x 199 x 78
Refined 0 mesh cells (0%)
Completed meshing!
Meshing complete in 0 seconds of CPU time
Starting meshing
Simulation size in gridpoints: 1 x 199 x 78
Refined 0 mesh cells (0%)
Completed meshing!
Meshing complete in 0.046875 seconds of CPU time
Starting meshing
Simulation size in gridpoints: 1 x 199 x 78
Refined 0 mesh cells (0%)
Completed meshing!
Meshing complete in 0 seconds of CPU time
Starting meshing
Simulation size in gridpoints: 1 x 199 x 78
Refined 0 mesh cells (0%)
Completed meshing!
Meshing complete in 0.046875 seconds of CPU time
Starting meshing
Simulation size in gridpoints: 1 x 199 x 78
Refined 0 mesh cells (0%)
Completed meshing!
Meshing complete in 0 seconds of CPU time
Starting meshing
Simulation size in gridpoints: 1 x 199 x 78
Refined 0 mesh cells (0%)
Completed meshing!
Meshing complete in 0.046875 seconds of CPU time
Starting meshing
Simulation size in gridpoints: 1 x 71 x 78
Refined 0 mesh cells (0%)
Completed meshing!
Meshing complete in 0 seconds of CPU time
Starting meshing
Simulation size in gridpoints: 1 x 71 x 78
Refined 0 mesh cells (0%)
Completed meshing!
Meshing complete in 0 seconds of CPU time
Starting meshing
Simulation size in gridpoints: 1 x 71 x 78
Refined 0 mesh cells (0%)
Completed meshing!
Meshing complete in 0 seconds of CPU time
Starting meshing
Simulation size in gridpoints: 1 x 32 x 78
Refined 0 mesh cells (0%)
Completed meshing!
Meshing complete in 0 seconds of CPU time
Starting meshing
Simulation size in gridpoints: 1 x 32 x 78
Refined 0 mesh cells (0%)
Completed meshing!
Meshing complete in 0 seconds of CPU time
Starting meshing
Simulation size in gridpoints: 1 x 32 x 78
Refined 0 mesh cells (0%)
Completed meshing!
Meshing complete in 0 seconds of CPU time
Starting meshing
Simulation size in gridpoints: 1 x 33 x 78
Refined 0 mesh cells (0%)
Completed meshing!
Meshing complete in 0 seconds of CPU time
Starting meshing
Simulation size in gridpoints: 1 x 33 x 78
Refined 0 mesh cells (0%)
Completed meshing!
Meshing complete in 0 seconds of CPU time
Starting meshing
Simulation size in gridpoints: 1 x 33 x 78
Refined 0 mesh cells (0%)
Completed meshing!
Meshing complete in 0 seconds of CPU time
Starting meshing
Simulation size in gridpoints: 1 x 33 x 78
Refined 0 mesh cells (0%)
Completed meshing!
Meshing complete in 0 seconds of CPU time
Starting meshing
Simulation size in gridpoints: 1 x 33 x 78
Refined 0 mesh cells (0%)
Completed meshing!
Meshing complete in 0 seconds of CPU time
Starting meshing
Simulation size in gridpoints: 1 x 33 x 78
Refined 0 mesh cells (0%)
Completed meshing!
Meshing complete in 0.03125 seconds of CPU time
Starting meshing
Simulation size in gridpoints: 1 x 32 x 78
Refined 0 mesh cells (0%)
Completed meshing!
Meshing complete in 0 seconds of CPU time
Starting meshing
Simulation size in gridpoints: 1 x 32 x 78
Refined 0 mesh cells (0%)
Completed meshing!
Meshing complete in 0 seconds of CPU time
Starting meshing
Simulation size in gridpoints: 1 x 32 x 78
Refined 0 mesh cells (0%)
Completed meshing!
Meshing complete in 0 seconds of CPU time
