Ansys Lumerical 2020 R2 FDTD Solver Version 8.24.2387 (Windows 64bit)
 expires (month/day/year): 12/31/2035
using config file: Ansys Licensing set with ANSYSLMD_LICENSE_FILE
license host: 
current time: Fri Sep  2 00:23:00 2022
Running on host: LAPTOP-GOLQ4KIE
host available memory (GB): 2.060960
All processes are communicating and ready to proceed to simulation...
Running fsp file: C:\Program Files\Lumerical\v202\bin\fdtd-engine-msmpi.exe -t 1 -remote -hide C:/Users/andre/Documents/GitHub/Photonics/Ring Resonator/RingResonator_s-parametersweep/s-parametersweep_4.fsp
Starting meshing
Simulation size in gridpoints: 1 x 64 x 20
Refined 0 mesh cells (0%)
Completed meshing!
Meshing complete in 0 seconds of CPU time
Starting meshing
Simulation size in gridpoints: 1 x 64 x 20
Refined 0 mesh cells (0%)
Completed meshing!
Meshing complete in 0.015625 seconds of CPU time
Starting meshing
Simulation size in gridpoints: 1 x 64 x 20
Refined 0 mesh cells (0%)
Completed meshing!
Meshing complete in 0 seconds of CPU time
left is a duplicate key.
bottom is a duplicate key.
z1 is a duplicate key.
z2 is a duplicate key.
Nx is a duplicate key.
Ny is a duplicate key.
Nz is a duplicate key.
Starting meshing
Simulation size in gridpoints: 1 x 64 x 20
Refined 0 mesh cells (0%)
Completed meshing!
Meshing complete in 0.015625 seconds of CPU time
Starting meshing
Simulation size in gridpoints: 1 x 64 x 20
Refined 0 mesh cells (0%)
Completed meshing!
Meshing complete in 0 seconds of CPU time
Starting meshing
Simulation size in gridpoints: 1 x 64 x 20
Refined 0 mesh cells (0%)
Completed meshing!
Meshing complete in 0 seconds of CPU time
left is a duplicate key.
bottom is a duplicate key.
z1 is a duplicate key.
z2 is a duplicate key.
Nx is a duplicate key.
Ny is a duplicate key.
Nz is a duplicate key.
Starting meshing
Simulation size in gridpoints: 85 x 1 x 20
Refined 0 mesh cells (0%)
Completed meshing!
Meshing complete in 0 seconds of CPU time
Starting meshing
Simulation size in gridpoints: 85 x 1 x 20
Refined 0 mesh cells (0%)
Completed meshing!
Meshing complete in 0 seconds of CPU time
Starting meshing
Simulation size in gridpoints: 85 x 1 x 20
Refined 0 mesh cells (0%)
Completed meshing!
Meshing complete in 0.015625 seconds of CPU time
left is a duplicate key.
bottom is a duplicate key.
z1 is a duplicate key.
z2 is a duplicate key.
Nx is a duplicate key.
Ny is a duplicate key.
Nz is a duplicate key.
Starting meshing
Simulation size in gridpoints: 85 x 1 x 20
Refined 0 mesh cells (0%)
Completed meshing!
Meshing complete in 0 seconds of CPU time
Starting meshing
Simulation size in gridpoints: 85 x 1 x 20
Refined 0 mesh cells (0%)
Completed meshing!
Meshing complete in 0 seconds of CPU time
Starting meshing
Simulation size in gridpoints: 85 x 1 x 20
Refined 0 mesh cells (0%)
Completed meshing!
Meshing complete in 0.015625 seconds of CPU time
Starting meshing
Simulation size in gridpoints: 85 x 1 x 20
Refined 0 mesh cells (0%)
Completed meshing!
Meshing complete in 0 seconds of CPU time
Starting meshing
Simulation size in gridpoints: 85 x 1 x 20
Refined 0 mesh cells (0%)
Completed meshing!
Meshing complete in 0 seconds of CPU time
Starting meshing
Simulation size in gridpoints: 85 x 1 x 20
Refined 0 mesh cells (0%)
Completed meshing!
Meshing complete in 0 seconds of CPU time
left is a duplicate key.
bottom is a duplicate key.
z1 is a duplicate key.
z2 is a duplicate key.
Nx is a duplicate key.
Ny is a duplicate key.
Nz is a duplicate key.
number of processors is 4
processors are distributed as: 4x1x1
Running 3D Simulation
Starting meshing
Simulation size in gridpoints: 162 x 289 x 27
Refined 0 mesh cells (0%)
Completed meshing!
Meshing complete in 1.35938 seconds of CPU time
0 0
Starting meshing
Simulation size in gridpoints: 162 x 289 x 27
Refined 0 mesh cells (0%)
Completed meshing!
Meshing complete in 1.3125 seconds of CPU time
0 0
Starting meshing
Simulation size in gridpoints: 162 x 289 x 27
Refined 0 mesh cells (0%)
Completed meshing!
Meshing complete in 1.8125 seconds of CPU time
0 0
finished material properties
Meshing Time: 3.49768 seconds, Init Electrical Material Time: 0.256192 seconds, Init Magnetic Material Time: 0.0116731
Using selected optimization level: 2
Selecting 3d kernel for splitFieldDirection=0 and optLevel=2
-----------------------------------------
Beginning initialization of 3D Simulation
Starting to add sources to simulation
Adding 3D Mode source propagating in Y
Using frequency dependent profile
Starting to add boundary conditions to simulation
Adding 3D PML BC
Adding 3D Parallel BC
Adding 3D PML BC
Adding 3D PML BC
Adding 3D Symmetric BC
Adding 3D PML BC
Starting to add monitors to Simulation
Adding analysis monitor
Adding 3D DFT monitor
Adding 3D DFT monitor
Adding 3D DFT monitor
Adding 3D DFT monitor
Finished initialization of 3D Simulation
-----------------------------------------
All processes are communicating and ready to proceed to simulation...
Starting 66175 total iterations
0.0483564% complete. Max time remaining: 1 hr, 11 mins, 40 secs. Auto Shutoff: 1
1.06384% complete. Max time remaining: 1 hr, 13 mins, 19 secs. Auto Shutoff: 1
2.07932% complete. Max time remaining: 1 hr, 12 mins, 32 secs. Auto Shutoff: 0.988092
3.09481% complete. Max time remaining: 1 hr, 12 mins, 6 secs. Auto Shutoff: 0.946081
4.11029% complete. Max time remaining: 1 hr, 11 mins, 2 secs. Auto Shutoff: 0.928244
5.12578% complete. Max time remaining: 1 hr, 10 mins, 7 secs. Auto Shutoff: 0.916972
6.14126% complete. Max time remaining: 1 hr, 9 mins, 18 secs. Auto Shutoff: 0.879052
7.15674% complete. Max time remaining: 1 hr, 8 mins, 28 secs. Auto Shutoff: 0.046004
100% complete. Max time remaining: 0 mins, 0 secs. Auto Shutoff: 7.64841e-06
Early termination of simulation, the autoshutoff criteria are satisfied.
Completed 5306 iterations, or 2.405428e-13s of Simulation Time
Process 0 starting to collect data
    collecting monitor data
    collecting source data
Using frequency dependent profile
Finished collecting data
left is a duplicate key.
bottom is a duplicate key.
z1 is a duplicate key.
z2 is a duplicate key.
Nx is a duplicate key.
Ny is a duplicate key.
Nz is a duplicate key.
left is a duplicate key.
bottom is a duplicate key.
z1 is a duplicate key.
z2 is a duplicate key.
Nx is a duplicate key.
Ny is a duplicate key.
Nz is a duplicate key.
left is a duplicate key.
bottom is a duplicate key.
z1 is a duplicate key.
z2 is a duplicate key.
Nx is a duplicate key.
Ny is a duplicate key.
Nz is a duplicate key.
left is a duplicate key.
bottom is a duplicate key.
z1 is a duplicate key.
z2 is a duplicate key.
Nx is a duplicate key.
Ny is a duplicate key.
Nz is a duplicate key.
Simulation completed successfully at: Fri Sep  2 00:29:28 2022
Overall wall time measurements in seconds: 390.41
    time to mesh and initialize: 32.1859
    time to run FDTD simulation: 353.964
    time to checkpoint simulation: 4e-07
    time to finalize data and save to files: 0.637955
    miscellaneous time: 3.62278
    FDTD solver speed on process 0: 18.9489 Mnodes/s
    total FDTD solver speed on 4 processes: 75.7958 Mnodes/s
