Ansys Lumerical 2020 R2 FDTD Solver Version 8.24.2387 (Windows 64bit)
 expires (month/day/year): 12/31/2035
using config file: Ansys Licensing set with ANSYSLMD_LICENSE_FILE
license host: 
current time: Thu Sep  1 15:44:25 2022
Running on host: LAPTOP-GOLQ4KIE
host available memory (GB): 1.938842
All processes are communicating and ready to proceed to simulation...
Running fsp file: C:\Program Files\Lumerical\v202\bin\fdtd-engine-msmpi.exe -t 1 -remote -hide C:/Users/andre/Documents/GitHub/Photonics/Ring Resonator/RingResonator_Lcsweep/Lcsweep_5.fsp
Starting meshing
Simulation size in gridpoints: 1 x 78 x 23
Refined 0 mesh cells (0%)
Completed meshing!
Meshing complete in 0.015625 seconds of CPU time
Starting meshing
Simulation size in gridpoints: 1 x 78 x 23
Refined 0 mesh cells (0%)
Completed meshing!
Meshing complete in 0 seconds of CPU time
Starting meshing
Simulation size in gridpoints: 1 x 78 x 23
Refined 0 mesh cells (0%)
Completed meshing!
Meshing complete in 0 seconds of CPU time
Starting meshing
Simulation size in gridpoints: 1 x 78 x 23
Refined 0 mesh cells (0%)
Completed meshing!
Meshing complete in 0 seconds of CPU time
Starting meshing
Simulation size in gridpoints: 1 x 78 x 23
Refined 0 mesh cells (0%)
Completed meshing!
Meshing complete in 0.015625 seconds of CPU time
Starting meshing
Simulation size in gridpoints: 1 x 78 x 23
Refined 0 mesh cells (0%)
Completed meshing!
Meshing complete in 0 seconds of CPU time
left is a duplicate key.
bottom is a duplicate key.
z1 is a duplicate key.
z2 is a duplicate key.
Nx is a duplicate key.
Ny is a duplicate key.
Nz is a duplicate key.
Starting meshing
Simulation size in gridpoints: 1 x 78 x 23
Refined 0 mesh cells (0%)
Completed meshing!
Meshing complete in 0 seconds of CPU time
Starting meshing
Simulation size in gridpoints: 1 x 78 x 23
Refined 0 mesh cells (0%)
Completed meshing!
Meshing complete in 0 seconds of CPU time
Starting meshing
Simulation size in gridpoints: 1 x 78 x 23
Refined 0 mesh cells (0%)
Completed meshing!
Meshing complete in 0.015625 seconds of CPU time
left is a duplicate key.
bottom is a duplicate key.
z1 is a duplicate key.
z2 is a duplicate key.
Nx is a duplicate key.
Ny is a duplicate key.
Nz is a duplicate key.
Starting meshing
Simulation size in gridpoints: 104 x 1 x 23
Refined 0 mesh cells (0%)
Completed meshing!
Meshing complete in 0 seconds of CPU time
Starting meshing
Simulation size in gridpoints: 104 x 1 x 23
Refined 0 mesh cells (0%)
Completed meshing!
Meshing complete in 0 seconds of CPU time
Starting meshing
Simulation size in gridpoints: 104 x 1 x 23
Refined 0 mesh cells (0%)
Completed meshing!
Meshing complete in 0 seconds of CPU time
left is a duplicate key.
bottom is a duplicate key.
z1 is a duplicate key.
z2 is a duplicate key.
Nx is a duplicate key.
Ny is a duplicate key.
Nz is a duplicate key.
Starting meshing
Simulation size in gridpoints: 104 x 1 x 23
Refined 0 mesh cells (0%)
Completed meshing!
Meshing complete in 0 seconds of CPU time
Starting meshing
Simulation size in gridpoints: 104 x 1 x 23
Refined 0 mesh cells (0%)
Completed meshing!
Meshing complete in 0 seconds of CPU time
Starting meshing
Simulation size in gridpoints: 104 x 1 x 23
Refined 0 mesh cells (0%)
Completed meshing!
Meshing complete in 0 seconds of CPU time
left is a duplicate key.
bottom is a duplicate key.
z1 is a duplicate key.
z2 is a duplicate key.
Nx is a duplicate key.
Ny is a duplicate key.
Nz is a duplicate key.
number of processors is 4
processors are distributed as: 4x1x1
Running 3D Simulation
Starting meshing
Simulation size in gridpoints: 196 x 348 x 30
Refined 0 mesh cells (0%)
Completed meshing!
Meshing complete in 10.75 seconds of CPU time
0 0
Starting meshing
Simulation size in gridpoints: 196 x 348 x 30
Refined 0 mesh cells (0%)
Completed meshing!
Meshing complete in 10.4062 seconds of CPU time
0 0
Starting meshing
Simulation size in gridpoints: 196 x 348 x 30
Refined 0 mesh cells (0%)
Completed meshing!
Meshing complete in 10.7656 seconds of CPU time
0 0
finished material properties
Meshing Time: 26.739 seconds, Init Electrical Material Time: 0.391239 seconds, Init Magnetic Material Time: 0.0155056
Using selected optimization level: 2
Selecting 3d kernel for splitFieldDirection=0 and optLevel=2
-----------------------------------------
Beginning initialization of 3D Simulation
Starting to add sources to simulation
Adding 3D Mode source propagating in X
Using frequency dependent profile
Starting to add boundary conditions to simulation
Adding 3D PML BC
Adding 3D Parallel BC
Adding 3D PML BC
Adding 3D PML BC
Adding 3D Symmetric BC
Adding 3D PML BC
Starting to add monitors to Simulation
Adding analysis monitor
Adding 3D DFT monitor
Adding 3D DFT monitor
Adding 3D DFT monitor
Adding 3D DFT monitor
Finished initialization of 3D Simulation
-----------------------------------------
All processes are communicating and ready to proceed to simulation...
Starting 80553 total iterations
0.0397253% complete. Max time remaining: 2 hrs, 23 mins, 50 secs. Auto Shutoff: 1
1.05272% complete. Max time remaining: 2 hrs, 26 mins, 26 secs. Auto Shutoff: 1
2.06571% complete. Max time remaining: 2 hrs, 20 mins, 60 secs. Auto Shutoff: 0.987265
3.07871% complete. Max time remaining: 2 hrs, 17 mins, 43 secs. Auto Shutoff: 0.970535
4.0917% complete. Max time remaining: 2 hrs, 15 mins, 21 secs. Auto Shutoff: 0.969217
5.1047% complete. Max time remaining: 2 hrs, 13 mins, 32 secs. Auto Shutoff: 0.966895
6.11769% complete. Max time remaining: 2 hrs, 11 mins, 52 secs. Auto Shutoff: 0.919357
7.13069% complete. Max time remaining: 2 hrs, 10 mins, 14 secs. Auto Shutoff: 0.705131
8.14368% complete. Max time remaining: 2 hrs, 8 mins, 36 secs. Auto Shutoff: 0.055146
100% complete. Max time remaining: 0 mins, 0 secs. Auto Shutoff: 8.57041e-06
Early termination of simulation, the autoshutoff criteria are satisfied.
Completed 7299 iterations, or 2.718326e-13s of Simulation Time
Process 0 starting to collect data
    collecting monitor data
    collecting source data
Using frequency dependent profile
Finished collecting data
left is a duplicate key.
bottom is a duplicate key.
z1 is a duplicate key.
z2 is a duplicate key.
Nx is a duplicate key.
Ny is a duplicate key.
Nz is a duplicate key.
left is a duplicate key.
bottom is a duplicate key.
z1 is a duplicate key.
z2 is a duplicate key.
Nx is a duplicate key.
Ny is a duplicate key.
Nz is a duplicate key.
left is a duplicate key.
bottom is a duplicate key.
z1 is a duplicate key.
z2 is a duplicate key.
Nx is a duplicate key.
Ny is a duplicate key.
Nz is a duplicate key.
left is a duplicate key.
bottom is a duplicate key.
z1 is a duplicate key.
z2 is a duplicate key.
Nx is a duplicate key.
Ny is a duplicate key.
Nz is a duplicate key.
Simulation completed successfully at: Thu Sep  1 15:57:52 2022
Overall wall time measurements in seconds: 809.451
    time to mesh and initialize: 42.7605
    time to run FDTD simulation: 761.095
    time to checkpoint simulation: 4e-07
    time to finalize data and save to files: 1.00218
    miscellaneous time: 4.59368
    FDTD solver speed on process 0: 19.6237 Mnodes/s
    total FDTD solver speed on 4 processes: 78.4948 Mnodes/s
