Ansys Lumerical 2020 R2 FDTD Solver Version 8.24.2387 (Windows 64bit)
 expires (month/day/year): 12/31/2035
using config file: Ansys Licensing set with ANSYSLMD_LICENSE_FILE
license host: 
current time: Thu Sep  1 14:52:33 2022
Running on host: LAPTOP-GOLQ4KIE
host available memory (GB): 0.914219
All processes are communicating and ready to proceed to simulation...
Running fsp file: C:\Program Files\Lumerical\v202\bin\fdtd-engine-msmpi.exe -t 1 -remote -hide C:/Users/andre/Documents/GitHub/Photonics/Ring Resonator/RingResonator_Lcsweep/Lcsweep_1.fsp
Starting meshing
Simulation size in gridpoints: 1 x 78 x 23
Refined 0 mesh cells (0%)
Completed meshing!
Meshing complete in 0.015625 seconds of CPU time
Starting meshing
Simulation size in gridpoints: 1 x 78 x 23
Refined 0 mesh cells (0%)
Completed meshing!
Meshing complete in 0 seconds of CPU time
Starting meshing
Simulation size in gridpoints: 1 x 78 x 23
Refined 0 mesh cells (0%)
Completed meshing!
Meshing complete in 0 seconds of CPU time
Starting meshing
Simulation size in gridpoints: 1 x 78 x 23
Refined 0 mesh cells (0%)
Completed meshing!
Meshing complete in 0 seconds of CPU time
Starting meshing
Simulation size in gridpoints: 1 x 78 x 23
Refined 0 mesh cells (0%)
Completed meshing!
Meshing complete in 0 seconds of CPU time
Starting meshing
Simulation size in gridpoints: 1 x 78 x 23
Refined 0 mesh cells (0%)
Completed meshing!
Meshing complete in 0 seconds of CPU time
left is a duplicate key.
bottom is a duplicate key.
z1 is a duplicate key.
z2 is a duplicate key.
Nx is a duplicate key.
Ny is a duplicate key.
Nz is a duplicate key.
Starting meshing
Simulation size in gridpoints: 1 x 78 x 23
Refined 0 mesh cells (0%)
Completed meshing!
Meshing complete in 0 seconds of CPU time
Starting meshing
Simulation size in gridpoints: 1 x 78 x 23
Refined 0 mesh cells (0%)
Completed meshing!
Meshing complete in 0 seconds of CPU time
Starting meshing
Simulation size in gridpoints: 1 x 78 x 23
Refined 0 mesh cells (0%)
Completed meshing!
Meshing complete in 0 seconds of CPU time
left is a duplicate key.
bottom is a duplicate key.
z1 is a duplicate key.
z2 is a duplicate key.
Nx is a duplicate key.
Ny is a duplicate key.
Nz is a duplicate key.
Starting meshing
Simulation size in gridpoints: 104 x 1 x 23
Refined 0 mesh cells (0%)
Completed meshing!
Meshing complete in 0 seconds of CPU time
Starting meshing
Simulation size in gridpoints: 104 x 1 x 23
Refined 0 mesh cells (0%)
Completed meshing!
Meshing complete in 0.015625 seconds of CPU time
Starting meshing
Simulation size in gridpoints: 104 x 1 x 23
Refined 0 mesh cells (0%)
Completed meshing!
Meshing complete in 0 seconds of CPU time
left is a duplicate key.
bottom is a duplicate key.
z1 is a duplicate key.
z2 is a duplicate key.
Nx is a duplicate key.
Ny is a duplicate key.
Nz is a duplicate key.
Starting meshing
Simulation size in gridpoints: 104 x 1 x 23
Refined 0 mesh cells (0%)
Completed meshing!
Meshing complete in 0 seconds of CPU time
Starting meshing
Simulation size in gridpoints: 104 x 1 x 23
Refined 0 mesh cells (0%)
Completed meshing!
Meshing complete in 0 seconds of CPU time
Starting meshing
Simulation size in gridpoints: 104 x 1 x 23
Refined 0 mesh cells (0%)
Completed meshing!
Meshing complete in 0 seconds of CPU time
left is a duplicate key.
bottom is a duplicate key.
z1 is a duplicate key.
z2 is a duplicate key.
Nx is a duplicate key.
Ny is a duplicate key.
Nz is a duplicate key.
number of processors is 4
processors are distributed as: 4x1x1
Running 3D Simulation
Starting meshing
Simulation size in gridpoints: 196 x 348 x 30
Refined 0 mesh cells (0%)
Completed meshing!
Meshing complete in 1.875 seconds of CPU time
0 0
Starting meshing
Simulation size in gridpoints: 196 x 348 x 30
Refined 0 mesh cells (0%)
Completed meshing!
Meshing complete in 1.42188 seconds of CPU time
0 0
Starting meshing
Simulation size in gridpoints: 196 x 348 x 30
Refined 0 mesh cells (0%)
Completed meshing!
Meshing complete in 2.01562 seconds of CPU time
0 0
finished material properties
Meshing Time: 4.97232 seconds, Init Electrical Material Time: 0.407168 seconds, Init Magnetic Material Time: 0.015851
Using selected optimization level: 2
Selecting 3d kernel for splitFieldDirection=0 and optLevel=2
-----------------------------------------
Beginning initialization of 3D Simulation
Starting to add sources to simulation
Adding 3D Mode source propagating in X
Using frequency dependent profile
Starting to add boundary conditions to simulation
Adding 3D PML BC
Adding 3D Parallel BC
Adding 3D PML BC
Adding 3D PML BC
Adding 3D Symmetric BC
Adding 3D PML BC
Starting to add monitors to Simulation
Adding analysis monitor
Adding 3D DFT monitor
Adding 3D DFT monitor
Adding 3D DFT monitor
Adding 3D DFT monitor
Finished initialization of 3D Simulation
-----------------------------------------
All processes are communicating and ready to proceed to simulation...
Starting 80553 total iterations
0.0397253% complete. Max time remaining: 2 hrs, 26 mins, 17 secs. Auto Shutoff: 1
1.05272% complete. Max time remaining: 2 hrs, 18 mins, 45 secs. Auto Shutoff: 1
2.06571% complete. Max time remaining: 2 hrs, 17 mins, 10 secs. Auto Shutoff: 0.98766
3.06878% complete. Max time remaining: 2 hrs, 18 mins, 2 secs. Auto Shutoff: 0.970647
4.08177% complete. Max time remaining: 2 hrs, 17 mins, 44 secs. Auto Shutoff: 0.966699
5.09477% complete. Max time remaining: 2 hrs, 16 mins, 30 secs. Auto Shutoff: 0.955445
6.09783% complete. Max time remaining: 2 hrs, 14 mins, 47 secs. Auto Shutoff: 0.909901
7.10089% complete. Max time remaining: 2 hrs, 13 mins, 40 secs. Auto Shutoff: 0.464766
8.11389% complete. Max time remaining: 2 hrs, 11 mins, 56 secs. Auto Shutoff: 1.40529e-05
100% complete. Max time remaining: 0 mins, 0 secs. Auto Shutoff: 2.72408e-06
Early termination of simulation, the autoshutoff criteria are satisfied.
Completed 6592 iterations, or 2.455022e-13s of Simulation Time
Process 0 starting to collect data
    collecting monitor data
    collecting source data
Using frequency dependent profile
Finished collecting data
left is a duplicate key.
bottom is a duplicate key.
z1 is a duplicate key.
z2 is a duplicate key.
Nx is a duplicate key.
Ny is a duplicate key.
Nz is a duplicate key.
left is a duplicate key.
bottom is a duplicate key.
z1 is a duplicate key.
z2 is a duplicate key.
Nx is a duplicate key.
Ny is a duplicate key.
Nz is a duplicate key.
left is a duplicate key.
bottom is a duplicate key.
z1 is a duplicate key.
z2 is a duplicate key.
Nx is a duplicate key.
Ny is a duplicate key.
Nz is a duplicate key.
left is a duplicate key.
bottom is a duplicate key.
z1 is a duplicate key.
z2 is a duplicate key.
Nx is a duplicate key.
Ny is a duplicate key.
Nz is a duplicate key.
Simulation completed successfully at: Thu Sep  1 15:05:07 2022
Overall wall time measurements in seconds: 757.228
    time to mesh and initialize: 46.0144
    time to run FDTD simulation: 704.92
    time to checkpoint simulation: 4e-07
    time to finalize data and save to files: 1.30076
    miscellaneous time: 4.99224
    FDTD solver speed on process 0: 19.1352 Mnodes/s
    total FDTD solver speed on 4 processes: 76.5409 Mnodes/s
