Ansys Lumerical 2020 R2 FDTD Solver Version 8.24.2387 (Windows 64bit)
 expires (month/day/year): 12/31/2035
using config file: Ansys Licensing set with ANSYSLMD_LICENSE_FILE
license host: 
current time: Thu Sep  1 03:06:25 2022
Running on host: LAPTOP-GOLQ4KIE
host available memory (GB): 1.212633
All processes are communicating and ready to proceed to simulation...
Running fsp file: C:\Program Files\Lumerical\v202\bin\fdtd-engine-msmpi.exe -t 1 -remote C:/Users/andre/Documents/GitHub/Photonics/Ring Resonator/RingResonator.fsp
Starting meshing
Simulation size in gridpoints: 1 x 26 x 10
Refined 0 mesh cells (0%)
Completed meshing!
Meshing complete in 0 seconds of CPU time
Starting meshing
Simulation size in gridpoints: 1 x 26 x 10
Refined 0 mesh cells (0%)
Completed meshing!
Meshing complete in 0 seconds of CPU time
Starting meshing
Simulation size in gridpoints: 1 x 26 x 10
Refined 0 mesh cells (0%)
Completed meshing!
Meshing complete in 0 seconds of CPU time
Starting meshing
Simulation size in gridpoints: 1 x 26 x 10
Refined 0 mesh cells (0%)
Completed meshing!
Meshing complete in 0 seconds of CPU time
Starting meshing
Simulation size in gridpoints: 1 x 26 x 10
Refined 0 mesh cells (0%)
Completed meshing!
Meshing complete in 0 seconds of CPU time
Starting meshing
Simulation size in gridpoints: 1 x 26 x 10
Refined 0 mesh cells (0%)
Completed meshing!
Meshing complete in 0 seconds of CPU time
left is a duplicate key.
bottom is a duplicate key.
z1 is a duplicate key.
z2 is a duplicate key.
Nx is a duplicate key.
Ny is a duplicate key.
Nz is a duplicate key.
Starting meshing
Simulation size in gridpoints: 1 x 26 x 10
Refined 0 mesh cells (0%)
Completed meshing!
Meshing complete in 0.015625 seconds of CPU time
Starting meshing
Simulation size in gridpoints: 1 x 26 x 10
Refined 0 mesh cells (0%)
Completed meshing!
Meshing complete in 0 seconds of CPU time
Starting meshing
Simulation size in gridpoints: 1 x 26 x 10
Refined 0 mesh cells (0%)
Completed meshing!
Meshing complete in 0 seconds of CPU time
left is a duplicate key.
bottom is a duplicate key.
z1 is a duplicate key.
z2 is a duplicate key.
Nx is a duplicate key.
Ny is a duplicate key.
Nz is a duplicate key.
Starting meshing
Simulation size in gridpoints: 30 x 1 x 10
Refined 0 mesh cells (0%)
Completed meshing!
Meshing complete in 0.015625 seconds of CPU time
Starting meshing
Simulation size in gridpoints: 30 x 1 x 10
Refined 0 mesh cells (0%)
Completed meshing!
Meshing complete in 0 seconds of CPU time
Starting meshing
Simulation size in gridpoints: 30 x 1 x 10
Refined 0 mesh cells (0%)
Completed meshing!
Meshing complete in 0 seconds of CPU time
left is a duplicate key.
bottom is a duplicate key.
z1 is a duplicate key.
z2 is a duplicate key.
Nx is a duplicate key.
Ny is a duplicate key.
Nz is a duplicate key.
Starting meshing
Simulation size in gridpoints: 30 x 1 x 10
Refined 0 mesh cells (0%)
Completed meshing!
Meshing complete in 0 seconds of CPU time
Starting meshing
Simulation size in gridpoints: 30 x 1 x 10
Refined 0 mesh cells (0%)
Completed meshing!
Meshing complete in 0 seconds of CPU time
Starting meshing
Simulation size in gridpoints: 30 x 1 x 10
Refined 0 mesh cells (0%)
Completed meshing!
Meshing complete in 0.015625 seconds of CPU time
left is a duplicate key.
bottom is a duplicate key.
z1 is a duplicate key.
z2 is a duplicate key.
Nx is a duplicate key.
Ny is a duplicate key.
Nz is a duplicate key.
number of processors is 4
processors are distributed as: 4x1x1
Running 3D Simulation
Starting meshing
Simulation size in gridpoints: 57 x 112 x 17
Refined 0 mesh cells (0%)
Completed meshing!
Meshing complete in 0.71875 seconds of CPU time
0 0
Starting meshing
Simulation size in gridpoints: 57 x 112 x 17
Refined 0 mesh cells (0%)
Completed meshing!
Meshing complete in 0.75 seconds of CPU time
0 0
Starting meshing
Simulation size in gridpoints: 57 x 112 x 17
Refined 0 mesh cells (0%)
Completed meshing!
Meshing complete in 0.578125 seconds of CPU time
0 0
finished material properties
Meshing Time: 2.14717 seconds, Init Electrical Material Time: 0.0621073 seconds, Init Magnetic Material Time: 0.0009261
Using selected optimization level: 2
Selecting 3d kernel for splitFieldDirection=0 and optLevel=2
-----------------------------------------
Beginning initialization of 3D Simulation
Starting to add sources to simulation
Adding 3D Mode source propagating in X
Using frequency dependent profile
Starting to add boundary conditions to simulation
Adding 3D PML BC
Adding 3D Parallel BC
Adding 3D PML BC
Adding 3D PML BC
Adding 3D Symmetric BC
Adding 3D PML BC
Starting to add monitors to Simulation
Adding analysis monitor
Adding 3D DFT monitor
Adding 3D DFT monitor
Adding 3D DFT monitor
Adding 3D DFT monitor
Finished initialization of 3D Simulation
-----------------------------------------
All processes are communicating and ready to proceed to simulation...
Starting 22200 total iterations
0.216213% complete. Max time remaining: 5 mins, 54 secs. Auto Shutoff: 1
1.36935% complete. Max time remaining: 6 mins, 58 secs. Auto Shutoff: 1
2.52248% complete. Max time remaining: 9 mins, 1 secs. Auto Shutoff: 0.887678
3.53148% complete. Max time remaining: 9 mins, 52 secs. Auto Shutoff: 0.89204
4.57651% complete. Max time remaining: 12 mins, 8 secs. Auto Shutoff: 0.881975
5.72964% complete. Max time remaining: 11 mins, 26 secs. Auto Shutoff: 0.899802
6.88278% complete. Max time remaining: 11 mins, 24 secs. Auto Shutoff: 0.758505
8.10799% complete. Max time remaining: 11 mins, 43 secs. Auto Shutoff: 0.01161
9.26112% complete. Max time remaining: 11 mins, 2 secs. Auto Shutoff: 7.40005e-05
10.2701% complete. Max time remaining: 10 mins, 37 secs. Auto Shutoff: 5.5853e-05
11.4233% complete. Max time remaining: 10 mins, 3 secs. Auto Shutoff: 1.47913e-05
100% complete. Max time remaining: 0 mins, 0 secs. Auto Shutoff: 2.83316e-06
Early termination of simulation, the autoshutoff criteria are satisfied.
Completed 2555 iterations, or 3.452651e-13s of Simulation Time
Process 0 starting to collect data
    collecting monitor data
    collecting source data
Using frequency dependent profile
Finished collecting data
left is a duplicate key.
bottom is a duplicate key.
z1 is a duplicate key.
z2 is a duplicate key.
Nx is a duplicate key.
Ny is a duplicate key.
Nz is a duplicate key.
left is a duplicate key.
bottom is a duplicate key.
z1 is a duplicate key.
z2 is a duplicate key.
Nx is a duplicate key.
Ny is a duplicate key.
Nz is a duplicate key.
left is a duplicate key.
bottom is a duplicate key.
z1 is a duplicate key.
z2 is a duplicate key.
Nx is a duplicate key.
Ny is a duplicate key.
Nz is a duplicate key.
left is a duplicate key.
bottom is a duplicate key.
z1 is a duplicate key.
z2 is a duplicate key.
Nx is a duplicate key.
Ny is a duplicate key.
Nz is a duplicate key.
Simulation completed successfully at: Thu Sep  1 03:07:53 2022
Overall wall time measurements in seconds: 90.9222
    time to mesh and initialize: 8.62659
    time to run FDTD simulation: 78.1951
    time to checkpoint simulation: 4e-07
    time to finalize data and save to files: 0.376846
    miscellaneous time: 3.72357
    FDTD solver speed on process 0: 3.54612 Mnodes/s
    total FDTD solver speed on 4 processes: 14.1845 Mnodes/s
