Ansys Lumerical 2020 R2 FDTD Solver Version 8.24.2387 (Windows 64bit)
 expires (month/day/year): 12/31/2035
using config file: Ansys Licensing set with ANSYSLMD_LICENSE_FILE
license host: 
current time: Thu Sep  1 15:57:55 2022
Running on host: LAPTOP-GOLQ4KIE
host available memory (GB): 1.914106
All processes are communicating and ready to proceed to simulation...
Running fsp file: C:\Program Files\Lumerical\v202\bin\fdtd-engine-msmpi.exe -t 1 -remote -hide C:/Users/andre/Documents/GitHub/Photonics/Ring Resonator/RingResonator_Lcsweep/Lcsweep_6.fsp
Starting meshing
Simulation size in gridpoints: 1 x 78 x 23
Refined 0 mesh cells (0%)
Completed meshing!
Meshing complete in 0 seconds of CPU time
Starting meshing
Simulation size in gridpoints: 1 x 78 x 23
Refined 0 mesh cells (0%)
Completed meshing!
Meshing complete in 0 seconds of CPU time
Starting meshing
Simulation size in gridpoints: 1 x 78 x 23
Refined 0 mesh cells (0%)
Completed meshing!
Meshing complete in 0 seconds of CPU time
Starting meshing
Simulation size in gridpoints: 1 x 78 x 23
Refined 0 mesh cells (0%)
Completed meshing!
Meshing complete in 0.015625 seconds of CPU time
Starting meshing
Simulation size in gridpoints: 1 x 78 x 23
Refined 0 mesh cells (0%)
Completed meshing!
Meshing complete in 0 seconds of CPU time
Starting meshing
Simulation size in gridpoints: 1 x 78 x 23
Refined 0 mesh cells (0%)
Completed meshing!
Meshing complete in 0 seconds of CPU time
left is a duplicate key.
bottom is a duplicate key.
z1 is a duplicate key.
z2 is a duplicate key.
Nx is a duplicate key.
Ny is a duplicate key.
Nz is a duplicate key.
Starting meshing
Simulation size in gridpoints: 1 x 78 x 23
Refined 0 mesh cells (0%)
Completed meshing!
Meshing complete in 0.015625 seconds of CPU time
Starting meshing
Simulation size in gridpoints: 1 x 78 x 23
Refined 0 mesh cells (0%)
Completed meshing!
Meshing complete in 0 seconds of CPU time
Starting meshing
Simulation size in gridpoints: 1 x 78 x 23
Refined 0 mesh cells (0%)
Completed meshing!
Meshing complete in 0 seconds of CPU time
left is a duplicate key.
bottom is a duplicate key.
z1 is a duplicate key.
z2 is a duplicate key.
Nx is a duplicate key.
Ny is a duplicate key.
Nz is a duplicate key.
Starting meshing
Simulation size in gridpoints: 105 x 1 x 23
Refined 0 mesh cells (0%)
Completed meshing!
Meshing complete in 0.015625 seconds of CPU time
Starting meshing
Simulation size in gridpoints: 105 x 1 x 23
Refined 0 mesh cells (0%)
Completed meshing!
Meshing complete in 0 seconds of CPU time
Starting meshing
Simulation size in gridpoints: 105 x 1 x 23
Refined 0 mesh cells (0%)
Completed meshing!
Meshing complete in 0 seconds of CPU time
left is a duplicate key.
bottom is a duplicate key.
z1 is a duplicate key.
z2 is a duplicate key.
Nx is a duplicate key.
Ny is a duplicate key.
Nz is a duplicate key.
Starting meshing
Simulation size in gridpoints: 105 x 1 x 23
Refined 0 mesh cells (0%)
Completed meshing!
Meshing complete in 0 seconds of CPU time
Starting meshing
Simulation size in gridpoints: 105 x 1 x 23
Refined 0 mesh cells (0%)
Completed meshing!
Meshing complete in 0 seconds of CPU time
Starting meshing
Simulation size in gridpoints: 105 x 1 x 23
Refined 0 mesh cells (0%)
Completed meshing!
Meshing complete in 0 seconds of CPU time
left is a duplicate key.
bottom is a duplicate key.
z1 is a duplicate key.
z2 is a duplicate key.
Nx is a duplicate key.
Ny is a duplicate key.
Nz is a duplicate key.
number of processors is 4
processors are distributed as: 4x1x1
Running 3D Simulation
Starting meshing
Simulation size in gridpoints: 196 x 348 x 30
Refined 0 mesh cells (0%)
Completed meshing!
Meshing complete in 13.4844 seconds of CPU time
0 0
Starting meshing
Simulation size in gridpoints: 196 x 348 x 30
Refined 0 mesh cells (0%)
Completed meshing!
Meshing complete in 12.0156 seconds of CPU time
0 0
Starting meshing
Simulation size in gridpoints: 196 x 348 x 30
Refined 0 mesh cells (0%)
Completed meshing!
Meshing complete in 10.4844 seconds of CPU time
0 0
finished material properties
Meshing Time: 27.8325 seconds, Init Electrical Material Time: 0.426091 seconds, Init Magnetic Material Time: 0.0193958
Using selected optimization level: 2
Selecting 3d kernel for splitFieldDirection=0 and optLevel=2
-----------------------------------------
Beginning initialization of 3D Simulation
Starting to add sources to simulation
Adding 3D Mode source propagating in X
Using frequency dependent profile
Starting to add boundary conditions to simulation
Adding 3D PML BC
Adding 3D Parallel BC
Adding 3D PML BC
Adding 3D PML BC
Adding 3D Symmetric BC
Adding 3D PML BC
Starting to add monitors to Simulation
Adding analysis monitor
Adding 3D DFT monitor
Adding 3D DFT monitor
Adding 3D DFT monitor
Adding 3D DFT monitor
Finished initialization of 3D Simulation
-----------------------------------------
All processes are communicating and ready to proceed to simulation...
Starting 80553 total iterations
0.0397253% complete. Max time remaining: 2 hrs, 22 mins, 27 secs. Auto Shutoff: 1
1.05272% complete. Max time remaining: 2 hrs, 22 mins, 8 secs. Auto Shutoff: 1
2.06571% complete. Max time remaining: 2 hrs, 20 mins, 28 secs. Auto Shutoff: 0.987701
3.07871% complete. Max time remaining: 2 hrs, 17 mins, 47 secs. Auto Shutoff: 0.970471
4.0917% complete. Max time remaining: 2 hrs, 15 mins, 35 secs. Auto Shutoff: 0.970054
5.1047% complete. Max time remaining: 2 hrs, 13 mins, 29 secs. Auto Shutoff: 0.968151
6.11769% complete. Max time remaining: 2 hrs, 11 mins, 45 secs. Auto Shutoff: 0.92053
7.13069% complete. Max time remaining: 2 hrs, 10 mins, 14 secs. Auto Shutoff: 0.688933
8.14368% complete. Max time remaining: 2 hrs, 8 mins, 37 secs. Auto Shutoff: 0.225346
9.15667% complete. Max time remaining: 2 hrs, 7 mins, 12 secs. Auto Shutoff: 2.6413e-05
100% complete. Max time remaining: 0 mins, 0 secs. Auto Shutoff: 7.78695e-06
Early termination of simulation, the autoshutoff criteria are satisfied.
Completed 7400 iterations, or 2.755940e-13s of Simulation Time
Process 0 starting to collect data
    collecting monitor data
    collecting source data
Using frequency dependent profile
Finished collecting data
left is a duplicate key.
bottom is a duplicate key.
z1 is a duplicate key.
z2 is a duplicate key.
Nx is a duplicate key.
Ny is a duplicate key.
Nz is a duplicate key.
left is a duplicate key.
bottom is a duplicate key.
z1 is a duplicate key.
z2 is a duplicate key.
Nx is a duplicate key.
Ny is a duplicate key.
Nz is a duplicate key.
left is a duplicate key.
bottom is a duplicate key.
z1 is a duplicate key.
z2 is a duplicate key.
Nx is a duplicate key.
Ny is a duplicate key.
Nz is a duplicate key.
left is a duplicate key.
bottom is a duplicate key.
z1 is a duplicate key.
z2 is a duplicate key.
Nx is a duplicate key.
Ny is a duplicate key.
Nz is a duplicate key.
Simulation completed successfully at: Thu Sep  1 16:11:34 2022
Overall wall time measurements in seconds: 820.315
    time to mesh and initialize: 43.6798
    time to run FDTD simulation: 771.795
    time to checkpoint simulation: 5e-07
    time to finalize data and save to files: 1.04339
    miscellaneous time: 3.79708
    FDTD solver speed on process 0: 19.6194 Mnodes/s
    total FDTD solver speed on 4 processes: 78.4777 Mnodes/s
