Ansys Lumerical 2020 R2 FDTD Solver Version 8.24.2387 (Windows 64bit)
 expires (month/day/year): 12/31/2035
using config file: Ansys Licensing set with ANSYSLMD_LICENSE_FILE
license host: 
current time: Wed Aug 31 14:31:28 2022
Running on host: LAPTOP-GOLQ4KIE
host available memory (GB): 1.176396
All processes are communicating and ready to proceed to simulation...
Running fsp file: C:\Program Files\Lumerical\v202\bin\fdtd-engine-msmpi.exe -t 1 -remote -hide C:/Users/andre/Documents/GitHub/Photonics/Ring Resonator/RingResonator_Lcsweep/Lcsweep_1.fsp
Starting meshing
Simulation size in gridpoints: 1 x 51 x 17
Refined 0 mesh cells (0%)
Completed meshing!
Meshing complete in 0 seconds of CPU time
Starting meshing
Simulation size in gridpoints: 1 x 51 x 17
Refined 0 mesh cells (0%)
Completed meshing!
Meshing complete in 0 seconds of CPU time
Starting meshing
Simulation size in gridpoints: 1 x 51 x 17
Refined 0 mesh cells (0%)
Completed meshing!
Meshing complete in 0 seconds of CPU time
Starting meshing
Simulation size in gridpoints: 1 x 51 x 17
Refined 0 mesh cells (0%)
Completed meshing!
Meshing complete in 0.015625 seconds of CPU time
Starting meshing
Simulation size in gridpoints: 1 x 51 x 17
Refined 0 mesh cells (0%)
Completed meshing!
Meshing complete in 0 seconds of CPU time
Starting meshing
Simulation size in gridpoints: 1 x 51 x 17
Refined 0 mesh cells (0%)
Completed meshing!
Meshing complete in 0 seconds of CPU time
left is a duplicate key.
bottom is a duplicate key.
z1 is a duplicate key.
z2 is a duplicate key.
Nx is a duplicate key.
Ny is a duplicate key.
Nz is a duplicate key.
Starting meshing
Simulation size in gridpoints: 1 x 51 x 17
Refined 0 mesh cells (0%)
Completed meshing!
Meshing complete in 0 seconds of CPU time
Starting meshing
Simulation size in gridpoints: 1 x 51 x 17
Refined 0 mesh cells (0%)
Completed meshing!
Meshing complete in 0 seconds of CPU time
Starting meshing
Simulation size in gridpoints: 1 x 51 x 17
Refined 0 mesh cells (0%)
Completed meshing!
Meshing complete in 0 seconds of CPU time
left is a duplicate key.
bottom is a duplicate key.
z1 is a duplicate key.
z2 is a duplicate key.
Nx is a duplicate key.
Ny is a duplicate key.
Nz is a duplicate key.
Starting meshing
Simulation size in gridpoints: 67 x 1 x 17
Refined 0 mesh cells (0%)
Completed meshing!
Meshing complete in 0 seconds of CPU time
Starting meshing
Simulation size in gridpoints: 67 x 1 x 17
Refined 0 mesh cells (0%)
Completed meshing!
Meshing complete in 0 seconds of CPU time
Starting meshing
Simulation size in gridpoints: 67 x 1 x 17
Refined 0 mesh cells (0%)
Completed meshing!
Meshing complete in 0 seconds of CPU time
left is a duplicate key.
bottom is a duplicate key.
z1 is a duplicate key.
z2 is a duplicate key.
Nx is a duplicate key.
Ny is a duplicate key.
Nz is a duplicate key.
Starting meshing
Simulation size in gridpoints: 67 x 1 x 17
Refined 0 mesh cells (0%)
Completed meshing!
Meshing complete in 0 seconds of CPU time
Starting meshing
Simulation size in gridpoints: 67 x 1 x 17
Refined 0 mesh cells (0%)
Completed meshing!
Meshing complete in 0.015625 seconds of CPU time
Starting meshing
Simulation size in gridpoints: 67 x 1 x 17
Refined 0 mesh cells (0%)
Completed meshing!
Meshing complete in 0 seconds of CPU time
left is a duplicate key.
bottom is a duplicate key.
z1 is a duplicate key.
z2 is a duplicate key.
Nx is a duplicate key.
Ny is a duplicate key.
Nz is a duplicate key.
number of processors is 4
processors are distributed as: 4x1x1
Running 3D Simulation
Starting meshing
Simulation size in gridpoints: 174 x 229 x 24
Refined 0 mesh cells (0%)
Completed meshing!
Meshing complete in 1.14062 seconds of CPU time
0 0
Starting meshing
Simulation size in gridpoints: 174 x 229 x 24
Refined 0 mesh cells (0%)
Completed meshing!
Meshing complete in 0.921875 seconds of CPU time
0 0
Starting meshing
Simulation size in gridpoints: 174 x 229 x 24
Refined 0 mesh cells (0%)
Completed meshing!
Meshing complete in 2.875 seconds of CPU time
0 0
finished material properties
Meshing Time: 4.59445 seconds, Init Electrical Material Time: 0.189476 seconds, Init Magnetic Material Time: 0.0064101
Using selected optimization level: 2
Selecting 3d kernel for splitFieldDirection=0 and optLevel=2
-----------------------------------------
Beginning initialization of 3D Simulation
Starting to add sources to simulation
Adding 3D Mode source propagating in X
Using frequency dependent profile
Starting to add boundary conditions to simulation
Adding 3D PML BC
Adding 3D Parallel BC
Adding 3D PML BC
Adding 3D PML BC
Adding 3D Symmetric BC
Adding 3D PML BC
Starting to add monitors to Simulation
Adding analysis monitor
Adding 3D DFT monitor
Adding 3D DFT monitor
Adding 3D DFT monitor
Adding 3D DFT monitor
Finished initialization of 3D Simulation
-----------------------------------------
All processes are communicating and ready to proceed to simulation...
Starting 51736 total iterations
0.0927785% complete. Max time remaining: 38 mins, 7 secs. Auto Shutoff: 1
1.14427% complete. Max time remaining: 37 mins, 22 secs. Auto Shutoff: 0.883115
2.19576% complete. Max time remaining: 37 mins, 26 secs. Auto Shutoff: 0.881617
3.24725% complete. Max time remaining: 37 mins, 7 secs. Auto Shutoff: 0.894053
4.29874% complete. Max time remaining: 36 mins, 53 secs. Auto Shutoff: 0.885109
5.35023% complete. Max time remaining: 36 mins, 41 secs. Auto Shutoff: 0.880461
6.40172% complete. Max time remaining: 36 mins, 21 secs. Auto Shutoff: 0.888509
7.45321% complete. Max time remaining: 36 mins, 0 secs. Auto Shutoff: 0.882091
8.5047% complete. Max time remaining: 35 mins, 36 secs. Auto Shutoff: 0.979631
9.55619% complete. Max time remaining: 35 mins, 19 secs. Auto Shutoff: 0.54762
10.6077% complete. Max time remaining: 34 mins, 53 secs. Auto Shutoff: 0.365735
11.6592% complete. Max time remaining: 34 mins, 28 secs. Auto Shutoff: 0.268159
12.7107% complete. Max time remaining: 34 mins, 2 secs. Auto Shutoff: 0.224832
13.7622% complete. Max time remaining: 33 mins, 43 secs. Auto Shutoff: 0.199272
14.8136% complete. Max time remaining: 33 mins, 18 secs. Auto Shutoff: 0.189798
15.8651% complete. Max time remaining: 32 mins, 56 secs. Auto Shutoff: 0.184601
16.9166% complete. Max time remaining: 32 mins, 36 secs. Auto Shutoff: 0.188008
17.9681% complete. Max time remaining: 32 mins, 14 secs. Auto Shutoff: 0.174281
19.0196% complete. Max time remaining: 31 mins, 48 secs. Auto Shutoff: 0.138618
20.0711% complete. Max time remaining: 31 mins, 22 secs. Auto Shutoff: 0.121279
21.1226% complete. Max time remaining: 30 mins, 56 secs. Auto Shutoff: 0.0930425
22.1741% complete. Max time remaining: 30 mins, 32 secs. Auto Shutoff: 0.0665177
23.2256% complete. Max time remaining: 30 mins, 6 secs. Auto Shutoff: 0.0581349
24.2771% complete. Max time remaining: 29 mins, 46 secs. Auto Shutoff: 0.0547684
25.3285% complete. Max time remaining: 29 mins, 20 secs. Auto Shutoff: 0.0530094
26.38% complete. Max time remaining: 28 mins, 54 secs. Auto Shutoff: 0.0506215
27.4315% complete. Max time remaining: 28 mins, 28 secs. Auto Shutoff: 0.0457032
28.483% complete. Max time remaining: 28 mins, 4 secs. Auto Shutoff: 0.0425137
29.5345% complete. Max time remaining: 27 mins, 40 secs. Auto Shutoff: 0.0390786
30.586% complete. Max time remaining: 27 mins, 15 secs. Auto Shutoff: 0.0358787
31.6375% complete. Max time remaining: 26 mins, 50 secs. Auto Shutoff: 0.0366523
32.689% complete. Max time remaining: 26 mins, 25 secs. Auto Shutoff: 0.0283975
33.7405% complete. Max time remaining: 25 mins, 60 secs. Auto Shutoff: 0.0219153
34.792% complete. Max time remaining: 25 mins, 35 secs. Auto Shutoff: 0.0207384
35.8434% complete. Max time remaining: 25 mins, 10 secs. Auto Shutoff: 0.0182861
36.8949% complete. Max time remaining: 24 mins, 44 secs. Auto Shutoff: 0.016804
37.9464% complete. Max time remaining: 24 mins, 19 secs. Auto Shutoff: 0.0156561
38.9979% complete. Max time remaining: 23 mins, 54 secs. Auto Shutoff: 0.0146245
40.0494% complete. Max time remaining: 23 mins, 29 secs. Auto Shutoff: 0.0146014
41.1009% complete. Max time remaining: 23 mins, 6 secs. Auto Shutoff: 0.0133121
42.1524% complete. Max time remaining: 22 mins, 42 secs. Auto Shutoff: 0.0138193
43.2039% complete. Max time remaining: 22 mins, 17 secs. Auto Shutoff: 0.0124275
44.2554% complete. Max time remaining: 21 mins, 52 secs. Auto Shutoff: 0.0103119
45.3069% complete. Max time remaining: 21 mins, 27 secs. Auto Shutoff: 0.00881452
46.3583% complete. Max time remaining: 21 mins, 3 secs. Auto Shutoff: 0.0088341
47.4098% complete. Max time remaining: 20 mins, 40 secs. Auto Shutoff: 0.00840852
48.4613% complete. Max time remaining: 20 mins, 16 secs. Auto Shutoff: 0.00767009
49.5128% complete. Max time remaining: 19 mins, 52 secs. Auto Shutoff: 0.00738346
50.5334% complete. Max time remaining: 19 mins, 32 secs. Auto Shutoff: 0.00712019
51.5849% complete. Max time remaining: 19 mins, 8 secs. Auto Shutoff: 0.00667013
52.6364% complete. Max time remaining: 18 mins, 49 secs. Auto Shutoff: 0.00611728
53.6569% complete. Max time remaining: 18 mins, 25 secs. Auto Shutoff: 0.00623235
54.6775% complete. Max time remaining: 18 mins, 3 secs. Auto Shutoff: 0.00658823
55.729% complete. Max time remaining: 17 mins, 38 secs. Auto Shutoff: 0.00546695
56.7805% complete. Max time remaining: 17 mins, 13 secs. Auto Shutoff: 0.0047902
57.832% complete. Max time remaining: 16 mins, 48 secs. Auto Shutoff: 0.00500337
58.8834% complete. Max time remaining: 16 mins, 23 secs. Auto Shutoff: 0.00427519
59.9349% complete. Max time remaining: 15 mins, 57 secs. Auto Shutoff: 0.00447532
60.9864% complete. Max time remaining: 15 mins, 32 secs. Auto Shutoff: 0.00387283
62.0379% complete. Max time remaining: 15 mins, 7 secs. Auto Shutoff: 0.00368446
63.0894% complete. Max time remaining: 14 mins, 42 secs. Auto Shutoff: 0.00377143
64.1409% complete. Max time remaining: 14 mins, 18 secs. Auto Shutoff: 0.00342902
65.1924% complete. Max time remaining: 13 mins, 53 secs. Auto Shutoff: 0.00334848
66.2439% complete. Max time remaining: 13 mins, 27 secs. Auto Shutoff: 0.00307967
67.2954% complete. Max time remaining: 13 mins, 2 secs. Auto Shutoff: 0.00300797
68.3469% complete. Max time remaining: 12 mins, 37 secs. Auto Shutoff: 0.00280658
69.3983% complete. Max time remaining: 12 mins, 12 secs. Auto Shutoff: 0.00297656
70.4498% complete. Max time remaining: 11 mins, 47 secs. Auto Shutoff: 0.00249284
71.5013% complete. Max time remaining: 11 mins, 21 secs. Auto Shutoff: 0.00274238
72.5528% complete. Max time remaining: 10 mins, 56 secs. Auto Shutoff: 0.0023839
73.6043% complete. Max time remaining: 10 mins, 31 secs. Auto Shutoff: 0.00229749
74.6558% complete. Max time remaining: 10 mins, 5 secs. Auto Shutoff: 0.00223383
75.7073% complete. Max time remaining: 9 mins, 40 secs. Auto Shutoff: 0.00201353
76.7588% complete. Max time remaining: 9 mins, 15 secs. Auto Shutoff: 0.00205194
77.8103% complete. Max time remaining: 8 mins, 50 secs. Auto Shutoff: 0.00196099
78.8618% complete. Max time remaining: 8 mins, 25 secs. Auto Shutoff: 0.00185028
79.9132% complete. Max time remaining: 7 mins, 59 secs. Auto Shutoff: 0.00177779
80.9647% complete. Max time remaining: 7 mins, 35 secs. Auto Shutoff: 0.00183144
82.0162% complete. Max time remaining: 7 mins, 9 secs. Auto Shutoff: 0.00161749
83.0677% complete. Max time remaining: 6 mins, 44 secs. Auto Shutoff: 0.00170302
84.1192% complete. Max time remaining: 6 mins, 19 secs. Auto Shutoff: 0.00153295
85.1707% complete. Max time remaining: 5 mins, 54 secs. Auto Shutoff: 0.00162849
86.2222% complete. Max time remaining: 5 mins, 29 secs. Auto Shutoff: 0.00148172
87.2737% complete. Max time remaining: 5 mins, 4 secs. Auto Shutoff: 0.00133952
88.3252% complete. Max time remaining: 4 mins, 39 secs. Auto Shutoff: 0.00136275
89.3767% complete. Max time remaining: 4 mins, 14 secs. Auto Shutoff: 0.00135361
90.3972% complete. Max time remaining: 3 mins, 50 secs. Auto Shutoff: 0.00131253
91.4487% complete. Max time remaining: 3 mins, 25 secs. Auto Shutoff: 0.00116552
92.5002% complete. Max time remaining: 2 mins, 60 secs. Auto Shutoff: 0.00124507
93.5517% complete. Max time remaining: 2 mins, 34 secs. Auto Shutoff: 0.00113266
94.6032% complete. Max time remaining: 2 mins, 9 secs. Auto Shutoff: 0.00116086
95.6547% complete. Max time remaining: 1 min, 44 secs. Auto Shutoff: 0.00106157
96.7062% complete. Max time remaining: 1 min, 19 secs. Auto Shutoff: 0.00100886
97.7577% complete. Max time remaining: 54 secs. Auto Shutoff: 0.00106635
98.8091% complete. Max time remaining: 29 secs. Auto Shutoff: 0.00103564
99.8606% complete. Max time remaining: 3 secs. Auto Shutoff: 0.00100226
Completed 51736 iterations, or 2.999994e-12s of Simulation Time
Process 0 starting to collect data
    collecting monitor data
    collecting source data
Using frequency dependent profile
Finished collecting data
left is a duplicate key.
bottom is a duplicate key.
z1 is a duplicate key.
z2 is a duplicate key.
Nx is a duplicate key.
Ny is a duplicate key.
Nz is a duplicate key.
left is a duplicate key.
bottom is a duplicate key.
z1 is a duplicate key.
z2 is a duplicate key.
Nx is a duplicate key.
Ny is a duplicate key.
Nz is a duplicate key.
left is a duplicate key.
bottom is a duplicate key.
z1 is a duplicate key.
z2 is a duplicate key.
Nx is a duplicate key.
Ny is a duplicate key.
Nz is a duplicate key.
left is a duplicate key.
bottom is a duplicate key.
z1 is a duplicate key.
z2 is a duplicate key.
Nx is a duplicate key.
Ny is a duplicate key.
Nz is a duplicate key.
Simulation completed successfully at: Wed Aug 31 15:11:54 2022
Overall wall time measurements in seconds: 2427.64
    time to mesh and initialize: 21.2718
    time to run FDTD simulation: 2402.91
    time to checkpoint simulation: 3e-07
    time to finalize data and save to files: 0.279495
    miscellaneous time: 3.17473
    FDTD solver speed on process 0: 20.5897 Mnodes/s
    total FDTD solver speed on 4 processes: 82.3589 Mnodes/s
