Ansys Lumerical 2020 R2 FDTD Solver Version 8.24.2387 (Windows 64bit)
 expires (month/day/year): 12/31/2035
using config file: Ansys Licensing set with ANSYSLMD_LICENSE_FILE
license host: 
current time: Fri Sep  2 00:08:04 2022
Running on host: LAPTOP-GOLQ4KIE
host available memory (GB): 1.233404
All processes are communicating and ready to proceed to simulation...
Running fsp file: C:\Program Files\Lumerical\v202\bin\fdtd-engine-msmpi.exe -t 1 -remote -hide C:/Users/andre/Documents/GitHub/Photonics/Ring Resonator/RingResonator_s-parametersweep/s-parametersweep_2.fsp
Starting meshing
Simulation size in gridpoints: 1 x 64 x 20
Refined 0 mesh cells (0%)
Completed meshing!
Meshing complete in 0 seconds of CPU time
Starting meshing
Simulation size in gridpoints: 1 x 64 x 20
Refined 0 mesh cells (0%)
Completed meshing!
Meshing complete in 0 seconds of CPU time
Starting meshing
Simulation size in gridpoints: 1 x 64 x 20
Refined 0 mesh cells (0%)
Completed meshing!
Meshing complete in 0 seconds of CPU time
left is a duplicate key.
bottom is a duplicate key.
z1 is a duplicate key.
z2 is a duplicate key.
Nx is a duplicate key.
Ny is a duplicate key.
Nz is a duplicate key.
Starting meshing
Simulation size in gridpoints: 1 x 64 x 20
Refined 0 mesh cells (0%)
Completed meshing!
Meshing complete in 0 seconds of CPU time
Starting meshing
Simulation size in gridpoints: 1 x 64 x 20
Refined 0 mesh cells (0%)
Completed meshing!
Meshing complete in 0.015625 seconds of CPU time
Starting meshing
Simulation size in gridpoints: 1 x 64 x 20
Refined 0 mesh cells (0%)
Completed meshing!
Meshing complete in 0 seconds of CPU time
Starting meshing
Simulation size in gridpoints: 1 x 64 x 20
Refined 0 mesh cells (0%)
Completed meshing!
Meshing complete in 0.015625 seconds of CPU time
Starting meshing
Simulation size in gridpoints: 1 x 64 x 20
Refined 0 mesh cells (0%)
Completed meshing!
Meshing complete in 0 seconds of CPU time
Starting meshing
Simulation size in gridpoints: 1 x 64 x 20
Refined 0 mesh cells (0%)
Completed meshing!
Meshing complete in 0 seconds of CPU time
left is a duplicate key.
bottom is a duplicate key.
z1 is a duplicate key.
z2 is a duplicate key.
Nx is a duplicate key.
Ny is a duplicate key.
Nz is a duplicate key.
Starting meshing
Simulation size in gridpoints: 85 x 1 x 20
Refined 0 mesh cells (0%)
Completed meshing!
Meshing complete in 0 seconds of CPU time
Starting meshing
Simulation size in gridpoints: 85 x 1 x 20
Refined 0 mesh cells (0%)
Completed meshing!
Meshing complete in 0.015625 seconds of CPU time
Starting meshing
Simulation size in gridpoints: 85 x 1 x 20
Refined 0 mesh cells (0%)
Completed meshing!
Meshing complete in 0 seconds of CPU time
left is a duplicate key.
bottom is a duplicate key.
z1 is a duplicate key.
z2 is a duplicate key.
Nx is a duplicate key.
Ny is a duplicate key.
Nz is a duplicate key.
Starting meshing
Simulation size in gridpoints: 85 x 1 x 20
Refined 0 mesh cells (0%)
Completed meshing!
Meshing complete in 0 seconds of CPU time
Starting meshing
Simulation size in gridpoints: 85 x 1 x 20
Refined 0 mesh cells (0%)
Completed meshing!
Meshing complete in 0 seconds of CPU time
Starting meshing
Simulation size in gridpoints: 85 x 1 x 20
Refined 0 mesh cells (0%)
Completed meshing!
Meshing complete in 0 seconds of CPU time
left is a duplicate key.
bottom is a duplicate key.
z1 is a duplicate key.
z2 is a duplicate key.
Nx is a duplicate key.
Ny is a duplicate key.
Nz is a duplicate key.
number of processors is 4
processors are distributed as: 4x1x1
Running 3D Simulation
Starting meshing
Simulation size in gridpoints: 162 x 289 x 27
Refined 0 mesh cells (0%)
Completed meshing!
Meshing complete in 1.26562 seconds of CPU time
0 0
Starting meshing
Simulation size in gridpoints: 162 x 289 x 27
Refined 0 mesh cells (0%)
Completed meshing!
Meshing complete in 1.1875 seconds of CPU time
0 0
Starting meshing
Simulation size in gridpoints: 162 x 289 x 27
Refined 0 mesh cells (0%)
Completed meshing!
Meshing complete in 1.70312 seconds of CPU time
0 0
finished material properties
Meshing Time: 4.52331 seconds, Init Electrical Material Time: 0.345247 seconds, Init Magnetic Material Time: 0.0107646
Using selected optimization level: 2
Selecting 3d kernel for splitFieldDirection=0 and optLevel=2
-----------------------------------------
Beginning initialization of 3D Simulation
Starting to add sources to simulation
Adding 3D Mode source propagating in X
Using frequency dependent profile
Starting to add boundary conditions to simulation
Adding 3D PML BC
Adding 3D Parallel BC
Adding 3D PML BC
Adding 3D PML BC
Adding 3D Symmetric BC
Adding 3D PML BC
Starting to add monitors to Simulation
Adding analysis monitor
Adding 3D DFT monitor
Adding 3D DFT monitor
Adding 3D DFT monitor
Adding 3D DFT monitor
Finished initialization of 3D Simulation
-----------------------------------------
All processes are communicating and ready to proceed to simulation...
Starting 66175 total iterations
0.0483564% complete. Max time remaining: 1 hr, 38 mins, 58 secs. Auto Shutoff: 1
1.05175% complete. Max time remaining: 1 hr, 41 mins, 39 secs. Auto Shutoff: 1
2.06724% complete. Max time remaining: 1 hr, 44 mins, 34 secs. Auto Shutoff: 0.975426
3.07063% complete. Max time remaining: 1 hr, 42 mins, 18 secs. Auto Shutoff: 0.960667
4.08611% complete. Max time remaining: 1 hr, 36 mins, 52 secs. Auto Shutoff: 0.960709
5.08951% complete. Max time remaining: 1 hr, 32 mins, 52 secs. Auto Shutoff: 0.945716
6.0929% complete. Max time remaining: 1 hr, 30 mins, 22 secs. Auto Shutoff: 0.899252
7.10839% complete. Max time remaining: 1 hr, 27 mins, 30 secs. Auto Shutoff: 0.427156
8.12387% complete. Max time remaining: 1 hr, 24 mins, 9 secs. Auto Shutoff: 3.06775e-05
100% complete. Max time remaining: 0 mins, 0 secs. Auto Shutoff: 2.65561e-06
Early termination of simulation, the autoshutoff criteria are satisfied.
Completed 5407 iterations, or 2.451215e-13s of Simulation Time
Process 0 starting to collect data
    collecting monitor data
    collecting source data
Using frequency dependent profile
Finished collecting data
left is a duplicate key.
bottom is a duplicate key.
z1 is a duplicate key.
z2 is a duplicate key.
Nx is a duplicate key.
Ny is a duplicate key.
Nz is a duplicate key.
left is a duplicate key.
bottom is a duplicate key.
z1 is a duplicate key.
z2 is a duplicate key.
Nx is a duplicate key.
Ny is a duplicate key.
Nz is a duplicate key.
left is a duplicate key.
bottom is a duplicate key.
z1 is a duplicate key.
z2 is a duplicate key.
Nx is a duplicate key.
Ny is a duplicate key.
Nz is a duplicate key.
left is a duplicate key.
bottom is a duplicate key.
z1 is a duplicate key.
z2 is a duplicate key.
Nx is a duplicate key.
Ny is a duplicate key.
Nz is a duplicate key.
Simulation completed successfully at: Fri Sep  2 00:16:14 2022
Overall wall time measurements in seconds: 495.779
    time to mesh and initialize: 36.5142
    time to run FDTD simulation: 448.685
    time to checkpoint simulation: 4e-07
    time to finalize data and save to files: 1.88091
    miscellaneous time: 8.69864
    FDTD solver speed on process 0: 15.2332 Mnodes/s
    total FDTD solver speed on 4 processes: 60.9329 Mnodes/s
