Ansys Lumerical 2020 R2 FDTD Solver Version 8.24.2387 (Windows 64bit)
 expires (month/day/year): 12/31/2035
using config file: Ansys Licensing set with ANSYSLMD_LICENSE_FILE
license host: 
current time: Thu Sep  1 14:26:12 2022
Running on host: LAPTOP-GOLQ4KIE
host available memory (GB): 1.849594
All processes are communicating and ready to proceed to simulation...
Running fsp file: C:\Program Files\Lumerical\v202\bin\fdtd-engine-msmpi.exe -t 1 -remote -hide C:/Users/andre/Documents/GitHub/Photonics/Ring Resonator/RingResonator_Gapsweep/Gapsweep_3.fsp
Starting meshing
Simulation size in gridpoints: 1 x 66 x 20
Refined 0 mesh cells (0%)
Completed meshing!
Meshing complete in 0.015625 seconds of CPU time
Starting meshing
Simulation size in gridpoints: 1 x 66 x 20
Refined 0 mesh cells (0%)
Completed meshing!
Meshing complete in 0 seconds of CPU time
Starting meshing
Simulation size in gridpoints: 1 x 66 x 20
Refined 0 mesh cells (0%)
Completed meshing!
Meshing complete in 0 seconds of CPU time
Starting meshing
Simulation size in gridpoints: 1 x 66 x 20
Refined 0 mesh cells (0%)
Completed meshing!
Meshing complete in 0 seconds of CPU time
Starting meshing
Simulation size in gridpoints: 1 x 66 x 20
Refined 0 mesh cells (0%)
Completed meshing!
Meshing complete in 0 seconds of CPU time
Starting meshing
Simulation size in gridpoints: 1 x 66 x 20
Refined 0 mesh cells (0%)
Completed meshing!
Meshing complete in 0 seconds of CPU time
left is a duplicate key.
bottom is a duplicate key.
z1 is a duplicate key.
z2 is a duplicate key.
Nx is a duplicate key.
Ny is a duplicate key.
Nz is a duplicate key.
Starting meshing
Simulation size in gridpoints: 1 x 66 x 20
Refined 0 mesh cells (0%)
Completed meshing!
Meshing complete in 0 seconds of CPU time
Starting meshing
Simulation size in gridpoints: 1 x 66 x 20
Refined 0 mesh cells (0%)
Completed meshing!
Meshing complete in 0 seconds of CPU time
Starting meshing
Simulation size in gridpoints: 1 x 66 x 20
Refined 0 mesh cells (0%)
Completed meshing!
Meshing complete in 0 seconds of CPU time
left is a duplicate key.
bottom is a duplicate key.
z1 is a duplicate key.
z2 is a duplicate key.
Nx is a duplicate key.
Ny is a duplicate key.
Nz is a duplicate key.
Starting meshing
Simulation size in gridpoints: 85 x 1 x 20
Refined 0 mesh cells (0%)
Completed meshing!
Meshing complete in 0 seconds of CPU time
Starting meshing
Simulation size in gridpoints: 85 x 1 x 20
Refined 0 mesh cells (0%)
Completed meshing!
Meshing complete in 0 seconds of CPU time
Starting meshing
Simulation size in gridpoints: 85 x 1 x 20
Refined 0 mesh cells (0%)
Completed meshing!
Meshing complete in 0 seconds of CPU time
left is a duplicate key.
bottom is a duplicate key.
z1 is a duplicate key.
z2 is a duplicate key.
Nx is a duplicate key.
Ny is a duplicate key.
Nz is a duplicate key.
Starting meshing
Simulation size in gridpoints: 85 x 1 x 20
Refined 0 mesh cells (0%)
Completed meshing!
Meshing complete in 0 seconds of CPU time
Starting meshing
Simulation size in gridpoints: 85 x 1 x 20
Refined 0 mesh cells (0%)
Completed meshing!
Meshing complete in 0 seconds of CPU time
Starting meshing
Simulation size in gridpoints: 85 x 1 x 20
Refined 0 mesh cells (0%)
Completed meshing!
Meshing complete in 0 seconds of CPU time
left is a duplicate key.
bottom is a duplicate key.
z1 is a duplicate key.
z2 is a duplicate key.
Nx is a duplicate key.
Ny is a duplicate key.
Nz is a duplicate key.
number of processors is 4
processors are distributed as: 4x1x1
Running 3D Simulation
Starting meshing
Simulation size in gridpoints: 162 x 292 x 27
Refined 0 mesh cells (0%)
Completed meshing!
Meshing complete in 1.29688 seconds of CPU time
0 0
Starting meshing
Simulation size in gridpoints: 162 x 292 x 27
Refined 0 mesh cells (0%)
Completed meshing!
Meshing complete in 1.01562 seconds of CPU time
0 0
Starting meshing
Simulation size in gridpoints: 162 x 292 x 27
Refined 0 mesh cells (0%)
Completed meshing!
Meshing complete in 1.82812 seconds of CPU time
0 0
finished material properties
Meshing Time: 3.39536 seconds, Init Electrical Material Time: 0.228378 seconds, Init Magnetic Material Time: 0.012797
Using selected optimization level: 2
Selecting 3d kernel for splitFieldDirection=0 and optLevel=2
-----------------------------------------
Beginning initialization of 3D Simulation
Starting to add sources to simulation
Adding 3D Mode source propagating in X
Using frequency dependent profile
Starting to add boundary conditions to simulation
Adding 3D PML BC
Adding 3D Parallel BC
Adding 3D PML BC
Adding 3D PML BC
Adding 3D Symmetric BC
Adding 3D PML BC
Starting to add monitors to Simulation
Adding analysis monitor
Adding 3D DFT monitor
Adding 3D DFT monitor
Adding 3D DFT monitor
Adding 3D DFT monitor
Finished initialization of 3D Simulation
-----------------------------------------
All processes are communicating and ready to proceed to simulation...
Starting 66228 total iterations
0.0724766% complete. Max time remaining: 1 hr, 6 mins, 53 secs. Auto Shutoff: 1
1.08715% complete. Max time remaining: 1 hr, 7 mins, 59 secs. Auto Shutoff: 1
2.12598% complete. Max time remaining: 1 hr, 6 mins, 53 secs. Auto Shutoff: 0.979011
3.14065% complete. Max time remaining: 1 hr, 5 mins, 46 secs. Auto Shutoff: 0.969636
4.17948% complete. Max time remaining: 1 hr, 4 mins, 49 secs. Auto Shutoff: 0.966149
5.21832% complete. Max time remaining: 1 hr, 3 mins, 59 secs. Auto Shutoff: 0.953427
6.23299% complete. Max time remaining: 1 hr, 3 mins, 12 secs. Auto Shutoff: 0.90372
7.27182% complete. Max time remaining: 1 hr, 2 mins, 27 secs. Auto Shutoff: 0.215134
100% complete. Max time remaining: 0 mins, 0 secs. Auto Shutoff: 2.46714e-06
Early termination of simulation, the autoshutoff criteria are satisfied.
Completed 5408 iterations, or 2.449709e-13s of Simulation Time
Process 0 starting to collect data
    collecting monitor data
    collecting source data
Using frequency dependent profile
Finished collecting data
left is a duplicate key.
bottom is a duplicate key.
z1 is a duplicate key.
z2 is a duplicate key.
Nx is a duplicate key.
Ny is a duplicate key.
Nz is a duplicate key.
left is a duplicate key.
bottom is a duplicate key.
z1 is a duplicate key.
z2 is a duplicate key.
Nx is a duplicate key.
Ny is a duplicate key.
Nz is a duplicate key.
left is a duplicate key.
bottom is a duplicate key.
z1 is a duplicate key.
z2 is a duplicate key.
Nx is a duplicate key.
Ny is a duplicate key.
Nz is a duplicate key.
left is a duplicate key.
bottom is a duplicate key.
z1 is a duplicate key.
z2 is a duplicate key.
Nx is a duplicate key.
Ny is a duplicate key.
Nz is a duplicate key.
Simulation completed successfully at: Thu Sep  1 14:32:13 2022
Overall wall time measurements in seconds: 362.72
    time to mesh and initialize: 29.041
    time to run FDTD simulation: 329.811
    time to checkpoint simulation: 4e-07
    time to finalize data and save to files: 0.736369
    miscellaneous time: 3.13191
    FDTD solver speed on process 0: 20.9427 Mnodes/s
    total FDTD solver speed on 4 processes: 83.7709 Mnodes/s
